<?xml version="1.0" encoding="UTF-8"?>
<testng-results skipped="0" failed="0" ignored="0" total="1" passed="1">
  <reporter-output>
  </reporter-output>
  <suite name="Default suite" duration-ms="34650" started-at="2019-10-11T13:05:52Z" finished-at="2019-10-11T13:06:26Z">
    <groups>
    </groups>
    <test name="Default test" duration-ms="34650" started-at="2019-10-11T13:05:52Z" finished-at="2019-10-11T13:06:26Z">
      <class name="net.testcases.testcases.Flight1">
        <test-method status="PASS" signature="LaunchBrowser_Flight()[pri:0, instance:net.testcases.testcases.Flight1@26653222]" name="LaunchBrowser_Flight" is-config="true" duration-ms="19" started-at="2019-10-11T13:05:52Z" finished-at="2019-10-11T13:05:52Z">
          <reporter-output>
          </reporter-output>
        </test-method> <!-- LaunchBrowser_Flight -->
        <test-method status="PASS" signature="run_Hotel()[pri:0, instance:net.testcases.testcases.Flight1@26653222]" name="run_Hotel" duration-ms="34588" started-at="2019-10-11T13:05:52Z" finished-at="2019-10-11T13:06:26Z">
          <reporter-output>
          </reporter-output>
        </test-method> <!-- run_Hotel -->
      </class> <!-- net.testcases.testcases.Flight1 -->
    </test> <!-- Default test -->
  </suite> <!-- Default suite -->
</testng-results>
